{"level":"http","message":"\u001b[0mPOST /AdminReg \u001b[32m200\u001b[0m 103.872 ms - 342\u001b[0m","service":"school-management-backend","timestamp":"2026-03-07T04:45:40.978Z"}
{"level":"http","message":"\u001b[0mPOST /StudentReg \u001b[32m200\u001b[0m 73.359 ms - 200\u001b[0m","service":"school-management-backend","timestamp":"2026-03-07T04:45:41.069Z"}
{"level":"http","message":"\u001b[0mPOST /StudentReg \u001b[32m200\u001b[0m 65.918 ms - 200\u001b[0m","service":"school-management-backend","timestamp":"2026-03-07T04:45:41.140Z"}
{"level":"http","message":"\u001b[0mPOST /StudentLogin \u001b[32m200\u001b[0m 78.560 ms - 387\u001b[0m","service":"school-management-backend","timestamp":"2026-03-07T04:45:41.236Z"}
{"level":"http","message":"\u001b[0mGET /Student/69abad75a533fa5c2a0a03ba \u001b[33m403\u001b[0m 1.051 ms - 27\u001b[0m","service":"school-management-backend","timestamp":"2026-03-07T04:45:41.241Z"}
{"level":"http","message":"\u001b[0mGET /Student/69abad75a533fa5c2a0a03b7 \u001b[32m200\u001b[0m 9.025 ms - 342\u001b[0m","service":"school-management-backend","timestamp":"2026-03-07T04:45:41.257Z"}
{"level":"http","message":"\u001b[0mPOST /AdminReg \u001b[32m200\u001b[0m 92.743 ms - 331\u001b[0m","service":"school-management-backend","timestamp":"2026-03-07T04:45:42.452Z"}
{"level":"http","message":"\u001b[0mPOST /AdminLogin \u001b[32m200\u001b[0m 65.414 ms - 331\u001b[0m","service":"school-management-backend","timestamp":"2026-03-07T04:45:42.528Z"}
{"level":"info","message":"Connected to MongoDB","service":"school-management-backend","timestamp":"2026-03-11T16:36:34.771Z"}
{"level":"info","message":"Server started at port no. 5000","service":"school-management-backend","timestamp":"2026-03-11T16:36:34.778Z"}
{"level":"http","message":"\u001b[0mOPTIONS /AdminReg \u001b[32m204\u001b[0m 0.939 ms - 0\u001b[0m","service":"school-management-backend","timestamp":"2026-03-11T16:39:43.041Z"}
{"level":"http","message":"\u001b[0mPOST /AdminReg \u001b[32m200\u001b[0m 108.518 ms - 337\u001b[0m","service":"school-management-backend","timestamp":"2026-03-11T16:39:43.163Z"}
{"level":"http","message":"\u001b[0mOPTIONS /Analytics/overview \u001b[32m204\u001b[0m 0.304 ms - 0\u001b[0m","service":"school-management-backend","timestamp":"2026-03-11T16:39:43.245Z"}
{"level":"http","message":"\u001b[0mOPTIONS /Analytics/overview \u001b[32m204\u001b[0m 0.091 ms - 0\u001b[0m","service":"school-management-backend","timestamp":"2026-03-11T16:39:43.246Z"}
{"level":"http","message":"\u001b[0mGET /Analytics/overview \u001b[33m404\u001b[0m 9.345 ms - 157\u001b[0m","service":"school-management-backend","timestamp":"2026-03-11T16:39:43.258Z"}
{"level":"http","message":"\u001b[0mGET /Analytics/overview \u001b[33m404\u001b[0m 1.210 ms - 157\u001b[0m","service":"school-management-backend","timestamp":"2026-03-11T16:39:43.269Z"}
{"level":"http","message":"\u001b[0mOPTIONS /NoticeList/69b19acf341604a06cf2740d \u001b[32m204\u001b[0m 0.228 ms - 0\u001b[0m","service":"school-management-backend","timestamp":"2026-03-11T16:39:43.342Z"}
{"level":"http","message":"\u001b[0mOPTIONS /NoticeList/69b19acf341604a06cf2740d \u001b[32m204\u001b[0m 0.093 ms - 0\u001b[0m","service":"school-management-backend","timestamp":"2026-03-11T16:39:43.343Z"}
{"level":"http","message":"\u001b[0mGET /NoticeList/69b19acf341604a06cf2740d \u001b[32m200\u001b[0m 8.703 ms - 30\u001b[0m","service":"school-management-backend","timestamp":"2026-03-11T16:39:43.353Z"}
{"level":"http","message":"\u001b[0mGET /NoticeList/69b19acf341604a06cf2740d \u001b[36m304\u001b[0m 3.942 ms - -\u001b[0m","service":"school-management-backend","timestamp":"2026-03-11T16:39:43.359Z"}
{"level":"http","message":"\u001b[0mOPTIONS /SclassList/69b19acf341604a06cf2740d \u001b[32m204\u001b[0m 0.110 ms - 0\u001b[0m","service":"school-management-backend","timestamp":"2026-03-11T16:40:09.728Z"}
{"level":"http","message":"\u001b[0mOPTIONS /SclassList/69b19acf341604a06cf2740d \u001b[32m204\u001b[0m 0.082 ms - 0\u001b[0m","service":"school-management-backend","timestamp":"2026-03-11T16:40:09.729Z"}
{"level":"http","message":"\u001b[0mGET /SclassList/69b19acf341604a06cf2740d \u001b[32m200\u001b[0m 8.432 ms - 31\u001b[0m","service":"school-management-backend","timestamp":"2026-03-11T16:40:09.739Z"}
{"level":"http","message":"\u001b[0mGET /SclassList/69b19acf341604a06cf2740d \u001b[36m304\u001b[0m 6.286 ms - -\u001b[0m","service":"school-management-backend","timestamp":"2026-03-11T16:40:09.748Z"}
{"level":"http","message":"\u001b[0mOPTIONS /Analytics/overview \u001b[32m204\u001b[0m 0.075 ms - 0\u001b[0m","service":"school-management-backend","timestamp":"2026-03-11T16:40:20.542Z"}
{"level":"http","message":"\u001b[0mOPTIONS /Analytics/overview \u001b[32m204\u001b[0m 0.087 ms - 0\u001b[0m","service":"school-management-backend","timestamp":"2026-03-11T16:40:20.544Z"}
{"level":"http","message":"\u001b[0mGET /Analytics/overview \u001b[33m404\u001b[0m 0.389 ms - 157\u001b[0m","service":"school-management-backend","timestamp":"2026-03-11T16:40:20.549Z"}
{"level":"http","message":"\u001b[0mGET /Analytics/overview \u001b[33m404\u001b[0m 2.823 ms - 157\u001b[0m","service":"school-management-backend","timestamp":"2026-03-11T16:40:20.556Z"}
{"level":"http","message":"\u001b[0mOPTIONS /NoticeList/69b19acf341604a06cf2740d \u001b[32m204\u001b[0m 0.167 ms - 0\u001b[0m","service":"school-management-backend","timestamp":"2026-03-11T16:40:20.606Z"}
{"level":"http","message":"\u001b[0mOPTIONS /NoticeList/69b19acf341604a06cf2740d \u001b[32m204\u001b[0m 0.103 ms - 0\u001b[0m","service":"school-management-backend","timestamp":"2026-03-11T16:40:20.607Z"}
{"level":"http","message":"\u001b[0mGET /NoticeList/69b19acf341604a06cf2740d \u001b[36m304\u001b[0m 3.976 ms - -\u001b[0m","service":"school-management-backend","timestamp":"2026-03-11T16:40:20.612Z"}
{"level":"http","message":"\u001b[0mGET /NoticeList/69b19acf341604a06cf2740d \u001b[36m304\u001b[0m 6.610 ms - -\u001b[0m","service":"school-management-backend","timestamp":"2026-03-11T16:40:20.630Z"}
{"level":"http","message":"\u001b[0mOPTIONS /SclassList/69b19acf341604a06cf2740d \u001b[32m204\u001b[0m 0.094 ms - 0\u001b[0m","service":"school-management-backend","timestamp":"2026-03-11T16:40:32.254Z"}
{"level":"http","message":"\u001b[0mOPTIONS /SclassList/69b19acf341604a06cf2740d \u001b[32m204\u001b[0m 0.337 ms - 0\u001b[0m","service":"school-management-backend","timestamp":"2026-03-11T16:40:32.259Z"}
{"level":"http","message":"\u001b[0mGET /SclassList/69b19acf341604a06cf2740d \u001b[36m304\u001b[0m 2.597 ms - -\u001b[0m","service":"school-management-backend","timestamp":"2026-03-11T16:40:32.277Z"}
{"level":"http","message":"\u001b[0mGET /SclassList/69b19acf341604a06cf2740d \u001b[36m304\u001b[0m 4.156 ms - -\u001b[0m","service":"school-management-backend","timestamp":"2026-03-11T16:40:32.283Z"}
{"level":"http","message":"\u001b[0mOPTIONS /api/feevouchers \u001b[32m204\u001b[0m 0.119 ms - 0\u001b[0m","service":"school-management-backend","timestamp":"2026-03-11T16:40:34.702Z"}
{"level":"http","message":"\u001b[0mOPTIONS /api/feevouchers \u001b[32m204\u001b[0m 0.080 ms - 0\u001b[0m","service":"school-management-backend","timestamp":"2026-03-11T16:40:34.703Z"}
{"level":"http","message":"\u001b[0mGET /api/feevouchers \u001b[33m404\u001b[0m 0.348 ms - 154\u001b[0m","service":"school-management-backend","timestamp":"2026-03-11T16:40:34.705Z"}
{"level":"http","message":"\u001b[0mGET /api/feevouchers \u001b[33m404\u001b[0m 0.334 ms - 154\u001b[0m","service":"school-management-backend","timestamp":"2026-03-11T16:40:34.707Z"}
{"level":"http","message":"\u001b[0mOPTIONS /api/semesters \u001b[32m204\u001b[0m 0.085 ms - 0\u001b[0m","service":"school-management-backend","timestamp":"2026-03-11T16:40:36.564Z"}
{"level":"http","message":"\u001b[0mOPTIONS /api/semesters \u001b[32m204\u001b[0m 0.086 ms - 0\u001b[0m","service":"school-management-backend","timestamp":"2026-03-11T16:40:36.565Z"}
{"level":"http","message":"\u001b[0mGET /api/semesters \u001b[33m404\u001b[0m 1.618 ms - 152\u001b[0m","service":"school-management-backend","timestamp":"2026-03-11T16:40:36.573Z"}
{"level":"http","message":"\u001b[0mGET /api/semesters \u001b[33m404\u001b[0m 0.429 ms - 152\u001b[0m","service":"school-management-backend","timestamp":"2026-03-11T16:40:36.577Z"}
{"level":"http","message":"\u001b[0mOPTIONS /AllSubjects/69b19acf341604a06cf2740d?page=1&limit=10 \u001b[32m204\u001b[0m 0.056 ms - 0\u001b[0m","service":"school-management-backend","timestamp":"2026-03-11T16:40:37.790Z"}
{"level":"http","message":"\u001b[0mOPTIONS /AllSubjects/69b19acf341604a06cf2740d?page=1&limit=10 \u001b[32m204\u001b[0m 0.055 ms - 0\u001b[0m","service":"school-management-backend","timestamp":"2026-03-11T16:40:37.791Z"}
{"level":"http","message":"\u001b[0mGET /AllSubjects/69b19acf341604a06cf2740d?page=1&limit=10 \u001b[32m200\u001b[0m 32.275 ms - 71\u001b[0m","service":"school-management-backend","timestamp":"2026-03-11T16:40:37.824Z"}
{"level":"http","message":"\u001b[0mGET /AllSubjects/69b19acf341604a06cf2740d?page=1&limit=10 \u001b[36m304\u001b[0m 2.131 ms - -\u001b[0m","service":"school-management-backend","timestamp":"2026-03-11T16:40:37.828Z"}
{"level":"http","message":"\u001b[0mOPTIONS /api/department \u001b[32m204\u001b[0m 0.059 ms - 0\u001b[0m","service":"school-management-backend","timestamp":"2026-03-11T16:40:39.137Z"}
{"level":"http","message":"\u001b[0mOPTIONS /api/department \u001b[32m204\u001b[0m 0.063 ms - 0\u001b[0m","service":"school-management-backend","timestamp":"2026-03-11T16:40:39.138Z"}
{"level":"http","message":"\u001b[0mGET /api/department \u001b[33m404\u001b[0m 0.348 ms - 153\u001b[0m","service":"school-management-backend","timestamp":"2026-03-11T16:40:39.139Z"}
{"level":"http","message":"\u001b[0mGET /api/department \u001b[33m404\u001b[0m 0.369 ms - 153\u001b[0m","service":"school-management-backend","timestamp":"2026-03-11T16:40:39.141Z"}
{"level":"http","message":"\u001b[0mOPTIONS /Students/69b19acf341604a06cf2740d?page=1&limit=10&search= \u001b[32m204\u001b[0m 0.066 ms - 0\u001b[0m","service":"school-management-backend","timestamp":"2026-03-11T16:40:41.774Z"}
{"level":"http","message":"\u001b[0mOPTIONS /Students/69b19acf341604a06cf2740d?page=1&limit=10&search= \u001b[32m204\u001b[0m 0.065 ms - 0\u001b[0m","service":"school-management-backend","timestamp":"2026-03-11T16:40:41.775Z"}
{"level":"http","message":"\u001b[0mGET /Students/69b19acf341604a06cf2740d?page=1&limit=10&search= \u001b[32m200\u001b[0m 4.599 ms - 95\u001b[0m","service":"school-management-backend","timestamp":"2026-03-11T16:40:41.780Z"}
{"level":"http","message":"\u001b[0mGET /Students/69b19acf341604a06cf2740d?page=1&limit=10&search= \u001b[36m304\u001b[0m 3.579 ms - -\u001b[0m","service":"school-management-backend","timestamp":"2026-03-11T16:40:41.786Z"}
{"level":"http","message":"\u001b[0mOPTIONS /api/semesters \u001b[32m204\u001b[0m 0.096 ms - 0\u001b[0m","service":"school-management-backend","timestamp":"2026-03-11T16:40:46.033Z"}
{"level":"http","message":"\u001b[0mOPTIONS /api/semesters \u001b[32m204\u001b[0m 0.114 ms - 0\u001b[0m","service":"school-management-backend","timestamp":"2026-03-11T16:40:46.034Z"}
{"level":"http","message":"\u001b[0mGET /api/semesters \u001b[33m404\u001b[0m 0.400 ms - 152\u001b[0m","service":"school-management-backend","timestamp":"2026-03-11T16:40:46.036Z"}
{"level":"http","message":"\u001b[0mGET /api/semesters \u001b[33m404\u001b[0m 0.275 ms - 152\u001b[0m","service":"school-management-backend","timestamp":"2026-03-11T16:40:46.038Z"}
{"level":"http","message":"\u001b[0mOPTIONS /SclassList/69b19acf341604a06cf2740d \u001b[32m204\u001b[0m 0.070 ms - 0\u001b[0m","service":"school-management-backend","timestamp":"2026-03-11T16:40:48.116Z"}
{"level":"http","message":"\u001b[0mOPTIONS /SclassList/69b19acf341604a06cf2740d \u001b[32m204\u001b[0m 0.060 ms - 0\u001b[0m","service":"school-management-backend","timestamp":"2026-03-11T16:40:48.118Z"}
{"level":"http","message":"\u001b[0mGET /SclassList/69b19acf341604a06cf2740d \u001b[36m304\u001b[0m 3.086 ms - -\u001b[0m","service":"school-management-backend","timestamp":"2026-03-11T16:40:48.122Z"}
{"level":"http","message":"\u001b[0mGET /SclassList/69b19acf341604a06cf2740d \u001b[36m304\u001b[0m 4.388 ms - -\u001b[0m","service":"school-management-backend","timestamp":"2026-03-11T16:40:48.128Z"}
{"level":"http","message":"\u001b[0mOPTIONS /AllSubjects/69b19acf341604a06cf2740d?page=1&limit=10 \u001b[32m204\u001b[0m 0.249 ms - 0\u001b[0m","service":"school-management-backend","timestamp":"2026-03-11T16:40:54.932Z"}
{"level":"http","message":"\u001b[0mOPTIONS /AllSubjects/69b19acf341604a06cf2740d?page=1&limit=10 \u001b[32m204\u001b[0m 0.131 ms - 0\u001b[0m","service":"school-management-backend","timestamp":"2026-03-11T16:40:54.933Z"}
{"level":"http","message":"\u001b[0mGET /AllSubjects/69b19acf341604a06cf2740d?page=1&limit=10 \u001b[36m304\u001b[0m 2.733 ms - -\u001b[0m","service":"school-management-backend","timestamp":"2026-03-11T16:40:54.937Z"}
{"level":"http","message":"\u001b[0mGET /AllSubjects/69b19acf341604a06cf2740d?page=1&limit=10 \u001b[36m304\u001b[0m 3.304 ms - -\u001b[0m","service":"school-management-backend","timestamp":"2026-03-11T16:40:54.942Z"}
{"level":"http","message":"\u001b[0mOPTIONS /SclassList/69b19acf341604a06cf2740d \u001b[32m204\u001b[0m 0.086 ms - 0\u001b[0m","service":"school-management-backend","timestamp":"2026-03-11T16:40:56.817Z"}
{"level":"http","message":"\u001b[0mOPTIONS /SclassList/69b19acf341604a06cf2740d \u001b[32m204\u001b[0m 0.053 ms - 0\u001b[0m","service":"school-management-backend","timestamp":"2026-03-11T16:40:56.818Z"}
{"level":"http","message":"\u001b[0mGET /SclassList/69b19acf341604a06cf2740d \u001b[36m304\u001b[0m 1.984 ms - -\u001b[0m","service":"school-management-backend","timestamp":"2026-03-11T16:40:56.821Z"}
{"level":"http","message":"\u001b[0mGET /SclassList/69b19acf341604a06cf2740d \u001b[36m304\u001b[0m 2.468 ms - -\u001b[0m","service":"school-management-backend","timestamp":"2026-03-11T16:40:56.825Z"}
{"level":"http","message":"\u001b[0mOPTIONS /SclassCreate \u001b[32m204\u001b[0m 0.050 ms - 0\u001b[0m","service":"school-management-backend","timestamp":"2026-03-11T16:41:15.496Z"}
{"level":"http","message":"\u001b[0mPOST /SclassCreate \u001b[33m400\u001b[0m 1.793 ms - 50\u001b[0m","service":"school-management-backend","timestamp":"2026-03-11T16:41:15.500Z"}
{"level":"http","message":"\u001b[0mOPTIONS /api/department \u001b[32m204\u001b[0m 0.089 ms - 0\u001b[0m","service":"school-management-backend","timestamp":"2026-03-11T16:41:21.628Z"}
{"level":"http","message":"\u001b[0mOPTIONS /api/department \u001b[32m204\u001b[0m 0.077 ms - 0\u001b[0m","service":"school-management-backend","timestamp":"2026-03-11T16:41:21.630Z"}
{"level":"http","message":"\u001b[0mGET /api/department \u001b[33m404\u001b[0m 0.246 ms - 153\u001b[0m","service":"school-management-backend","timestamp":"2026-03-11T16:41:21.632Z"}
{"level":"http","message":"\u001b[0mGET /api/department \u001b[33m404\u001b[0m 0.215 ms - 153\u001b[0m","service":"school-management-backend","timestamp":"2026-03-11T16:41:21.633Z"}
{"level":"http","message":"\u001b[0mOPTIONS /Analytics/overview \u001b[32m204\u001b[0m 0.059 ms - 0\u001b[0m","service":"school-management-backend","timestamp":"2026-03-11T16:41:27.003Z"}
{"level":"http","message":"\u001b[0mOPTIONS /Analytics/overview \u001b[32m204\u001b[0m 0.077 ms - 0\u001b[0m","service":"school-management-backend","timestamp":"2026-03-11T16:41:27.004Z"}
{"level":"http","message":"\u001b[0mGET /Analytics/overview \u001b[33m404\u001b[0m 0.381 ms - 157\u001b[0m","service":"school-management-backend","timestamp":"2026-03-11T16:41:27.006Z"}
{"level":"http","message":"\u001b[0mGET /Analytics/overview \u001b[33m404\u001b[0m 0.811 ms - 157\u001b[0m","service":"school-management-backend","timestamp":"2026-03-11T16:41:27.009Z"}
{"level":"http","message":"\u001b[0mOPTIONS /NoticeList/69b19acf341604a06cf2740d \u001b[32m204\u001b[0m 0.045 ms - 0\u001b[0m","service":"school-management-backend","timestamp":"2026-03-11T16:41:27.046Z"}
{"level":"http","message":"\u001b[0mOPTIONS /NoticeList/69b19acf341604a06cf2740d \u001b[32m204\u001b[0m 0.063 ms - 0\u001b[0m","service":"school-management-backend","timestamp":"2026-03-11T16:41:27.047Z"}
{"level":"http","message":"\u001b[0mGET /NoticeList/69b19acf341604a06cf2740d \u001b[36m304\u001b[0m 1.706 ms - -\u001b[0m","service":"school-management-backend","timestamp":"2026-03-11T16:41:27.049Z"}
{"level":"http","message":"\u001b[0mGET /NoticeList/69b19acf341604a06cf2740d \u001b[36m304\u001b[0m 2.386 ms - -\u001b[0m","service":"school-management-backend","timestamp":"2026-03-11T16:41:27.053Z"}
{"level":"http","message":"\u001b[0mOPTIONS /api/department \u001b[32m204\u001b[0m 0.076 ms - 0\u001b[0m","service":"school-management-backend","timestamp":"2026-03-11T16:41:37.651Z"}
{"level":"http","message":"\u001b[0mOPTIONS /api/department \u001b[32m204\u001b[0m 0.106 ms - 0\u001b[0m","service":"school-management-backend","timestamp":"2026-03-11T16:41:37.654Z"}
{"level":"http","message":"\u001b[0mGET /api/department \u001b[33m404\u001b[0m 0.355 ms - 153\u001b[0m","service":"school-management-backend","timestamp":"2026-03-11T16:41:37.656Z"}
{"level":"http","message":"\u001b[0mGET /api/department \u001b[33m404\u001b[0m 0.276 ms - 153\u001b[0m","service":"school-management-backend","timestamp":"2026-03-11T16:41:37.657Z"}
{"level":"http","message":"\u001b[0mOPTIONS /Analytics/overview \u001b[32m204\u001b[0m 0.070 ms - 0\u001b[0m","service":"school-management-backend","timestamp":"2026-03-11T16:41:43.203Z"}
{"level":"http","message":"\u001b[0mOPTIONS /Analytics/overview \u001b[32m204\u001b[0m 0.116 ms - 0\u001b[0m","service":"school-management-backend","timestamp":"2026-03-11T16:41:43.205Z"}
{"level":"http","message":"\u001b[0mGET /Analytics/overview \u001b[33m404\u001b[0m 0.233 ms - 157\u001b[0m","service":"school-management-backend","timestamp":"2026-03-11T16:41:43.207Z"}
{"level":"http","message":"\u001b[0mGET /Analytics/overview \u001b[33m404\u001b[0m 0.375 ms - 157\u001b[0m","service":"school-management-backend","timestamp":"2026-03-11T16:41:43.209Z"}
{"level":"http","message":"\u001b[0mOPTIONS /NoticeList/69b19acf341604a06cf2740d \u001b[32m204\u001b[0m 0.046 ms - 0\u001b[0m","service":"school-management-backend","timestamp":"2026-03-11T16:41:43.247Z"}
{"level":"http","message":"\u001b[0mOPTIONS /NoticeList/69b19acf341604a06cf2740d \u001b[32m204\u001b[0m 0.048 ms - 0\u001b[0m","service":"school-management-backend","timestamp":"2026-03-11T16:41:43.248Z"}
{"level":"http","message":"\u001b[0mGET /NoticeList/69b19acf341604a06cf2740d \u001b[36m304\u001b[0m 1.647 ms - -\u001b[0m","service":"school-management-backend","timestamp":"2026-03-11T16:41:43.250Z"}
{"level":"http","message":"\u001b[0mGET /NoticeList/69b19acf341604a06cf2740d \u001b[36m304\u001b[0m 2.143 ms - -\u001b[0m","service":"school-management-backend","timestamp":"2026-03-11T16:41:43.254Z"}
{"level":"http","message":"\u001b[0mOPTIONS /api/semesters \u001b[32m204\u001b[0m 0.057 ms - 0\u001b[0m","service":"school-management-backend","timestamp":"2026-03-11T16:41:55.010Z"}
{"level":"http","message":"\u001b[0mOPTIONS /api/semesters \u001b[32m204\u001b[0m 0.186 ms - 0\u001b[0m","service":"school-management-backend","timestamp":"2026-03-11T16:41:55.012Z"}
{"level":"http","message":"\u001b[0mGET /api/semesters \u001b[33m404\u001b[0m 0.386 ms - 152\u001b[0m","service":"school-management-backend","timestamp":"2026-03-11T16:41:55.023Z"}
{"level":"http","message":"\u001b[0mGET /api/semesters \u001b[33m404\u001b[0m 0.194 ms - 152\u001b[0m","service":"school-management-backend","timestamp":"2026-03-11T16:41:55.025Z"}
{"level":"http","message":"\u001b[0mOPTIONS /Analytics/overview \u001b[32m204\u001b[0m 0.051 ms - 0\u001b[0m","service":"school-management-backend","timestamp":"2026-03-11T16:42:12.136Z"}
{"level":"http","message":"\u001b[0mOPTIONS /Analytics/overview \u001b[32m204\u001b[0m 0.055 ms - 0\u001b[0m","service":"school-management-backend","timestamp":"2026-03-11T16:42:12.138Z"}
{"level":"http","message":"\u001b[0mGET /Analytics/overview \u001b[33m404\u001b[0m 0.288 ms - 157\u001b[0m","service":"school-management-backend","timestamp":"2026-03-11T16:42:12.139Z"}
{"level":"http","message":"\u001b[0mGET /Analytics/overview \u001b[33m404\u001b[0m 0.191 ms - 157\u001b[0m","service":"school-management-backend","timestamp":"2026-03-11T16:42:12.141Z"}
{"level":"http","message":"\u001b[0mOPTIONS /NoticeList/69b19acf341604a06cf2740d \u001b[32m204\u001b[0m 0.185 ms - 0\u001b[0m","service":"school-management-backend","timestamp":"2026-03-11T16:42:12.245Z"}
{"level":"http","message":"\u001b[0mOPTIONS /NoticeList/69b19acf341604a06cf2740d \u001b[32m204\u001b[0m 0.574 ms - 0\u001b[0m","service":"school-management-backend","timestamp":"2026-03-11T16:42:12.252Z"}
{"level":"http","message":"\u001b[0mGET /NoticeList/69b19acf341604a06cf2740d \u001b[36m304\u001b[0m 8.055 ms - -\u001b[0m","service":"school-management-backend","timestamp":"2026-03-11T16:42:12.255Z"}
{"level":"http","message":"\u001b[0mGET /NoticeList/69b19acf341604a06cf2740d \u001b[36m304\u001b[0m 6.009 ms - -\u001b[0m","service":"school-management-backend","timestamp":"2026-03-11T16:42:12.271Z"}
{"level":"http","message":"\u001b[0mOPTIONS /api/feevouchers \u001b[32m204\u001b[0m 0.072 ms - 0\u001b[0m","service":"school-management-backend","timestamp":"2026-03-11T16:42:43.892Z"}
{"level":"http","message":"\u001b[0mOPTIONS /api/feevouchers \u001b[32m204\u001b[0m 0.225 ms - 0\u001b[0m","service":"school-management-backend","timestamp":"2026-03-11T16:42:43.895Z"}
{"level":"http","message":"\u001b[0mGET /api/feevouchers \u001b[33m404\u001b[0m 0.295 ms - 154\u001b[0m","service":"school-management-backend","timestamp":"2026-03-11T16:42:43.898Z"}
{"level":"http","message":"\u001b[0mGET /api/feevouchers \u001b[33m404\u001b[0m 0.322 ms - 154\u001b[0m","service":"school-management-backend","timestamp":"2026-03-11T16:42:43.899Z"}
{"level":"http","message":"\u001b[0mOPTIONS /AllSubjects/69b19acf341604a06cf2740d?page=1&limit=10 \u001b[32m204\u001b[0m 0.046 ms - 0\u001b[0m","service":"school-management-backend","timestamp":"2026-03-11T16:42:46.707Z"}
{"level":"http","message":"\u001b[0mOPTIONS /AllSubjects/69b19acf341604a06cf2740d?page=1&limit=10 \u001b[32m204\u001b[0m 0.107 ms - 0\u001b[0m","service":"school-management-backend","timestamp":"2026-03-11T16:42:46.708Z"}
{"level":"http","message":"\u001b[0mGET /AllSubjects/69b19acf341604a06cf2740d?page=1&limit=10 \u001b[36m304\u001b[0m 2.829 ms - -\u001b[0m","service":"school-management-backend","timestamp":"2026-03-11T16:42:46.712Z"}
{"level":"http","message":"\u001b[0mGET /AllSubjects/69b19acf341604a06cf2740d?page=1&limit=10 \u001b[36m304\u001b[0m 8.640 ms - -\u001b[0m","service":"school-management-backend","timestamp":"2026-03-11T16:42:46.724Z"}
{"level":"http","message":"\u001b[0mOPTIONS /api/department \u001b[32m204\u001b[0m 0.071 ms - 0\u001b[0m","service":"school-management-backend","timestamp":"2026-03-11T16:42:49.498Z"}
{"level":"http","message":"\u001b[0mOPTIONS /api/department \u001b[32m204\u001b[0m 0.086 ms - 0\u001b[0m","service":"school-management-backend","timestamp":"2026-03-11T16:42:49.500Z"}
{"level":"http","message":"\u001b[0mGET /api/department \u001b[33m404\u001b[0m 0.331 ms - 153\u001b[0m","service":"school-management-backend","timestamp":"2026-03-11T16:42:49.501Z"}
{"level":"http","message":"\u001b[0mGET /api/department \u001b[33m404\u001b[0m 0.314 ms - 153\u001b[0m","service":"school-management-backend","timestamp":"2026-03-11T16:42:49.503Z"}
{"level":"http","message":"\u001b[0mOPTIONS /Teachers/69b19acf341604a06cf2740d?page=1&limit=5 \u001b[32m204\u001b[0m 0.073 ms - 0\u001b[0m","service":"school-management-backend","timestamp":"2026-03-11T16:42:50.910Z"}
{"level":"http","message":"\u001b[0mOPTIONS /Teachers/69b19acf341604a06cf2740d?page=1&limit=5 \u001b[32m204\u001b[0m 0.050 ms - 0\u001b[0m","service":"school-management-backend","timestamp":"2026-03-11T16:42:50.911Z"}
{"level":"http","message":"\u001b[0mGET /Teachers/69b19acf341604a06cf2740d?page=1&limit=5 \u001b[32m200\u001b[0m 4.385 ms - 70\u001b[0m","service":"school-management-backend","timestamp":"2026-03-11T16:42:50.917Z"}
{"level":"http","message":"\u001b[0mGET /Teachers/69b19acf341604a06cf2740d?page=1&limit=5 \u001b[36m304\u001b[0m 6.384 ms - -\u001b[0m","service":"school-management-backend","timestamp":"2026-03-11T16:42:50.926Z"}
{"level":"http","message":"\u001b[0mOPTIONS /Students/69b19acf341604a06cf2740d?page=1&limit=10&search= \u001b[32m204\u001b[0m 0.049 ms - 0\u001b[0m","service":"school-management-backend","timestamp":"2026-03-11T16:42:52.165Z"}
{"level":"http","message":"\u001b[0mOPTIONS /Students/69b19acf341604a06cf2740d?page=1&limit=10&search= \u001b[32m204\u001b[0m 0.076 ms - 0\u001b[0m","service":"school-management-backend","timestamp":"2026-03-11T16:42:52.166Z"}
{"level":"http","message":"\u001b[0mGET /Students/69b19acf341604a06cf2740d?page=1&limit=10&search= \u001b[36m304\u001b[0m 1.994 ms - -\u001b[0m","service":"school-management-backend","timestamp":"2026-03-11T16:42:52.169Z"}
{"level":"http","message":"\u001b[0mGET /Students/69b19acf341604a06cf2740d?page=1&limit=10&search= \u001b[36m304\u001b[0m 2.224 ms - -\u001b[0m","service":"school-management-backend","timestamp":"2026-03-11T16:42:52.172Z"}
{"level":"http","message":"\u001b[0mOPTIONS /NoticeList/69b19acf341604a06cf2740d \u001b[32m204\u001b[0m 0.061 ms - 0\u001b[0m","service":"school-management-backend","timestamp":"2026-03-11T16:42:53.113Z"}
{"level":"http","message":"\u001b[0mOPTIONS /NoticeList/69b19acf341604a06cf2740d \u001b[32m204\u001b[0m 0.052 ms - 0\u001b[0m","service":"school-management-backend","timestamp":"2026-03-11T16:42:53.114Z"}
{"level":"http","message":"\u001b[0mGET /NoticeList/69b19acf341604a06cf2740d \u001b[36m304\u001b[0m 1.861 ms - -\u001b[0m","service":"school-management-backend","timestamp":"2026-03-11T16:42:53.117Z"}
{"level":"http","message":"\u001b[0mGET /NoticeList/69b19acf341604a06cf2740d \u001b[36m304\u001b[0m 1.811 ms - -\u001b[0m","service":"school-management-backend","timestamp":"2026-03-11T16:42:53.120Z"}
{"level":"http","message":"\u001b[0mOPTIONS /ComplainList/69b19acf341604a06cf2740d \u001b[32m204\u001b[0m 0.134 ms - 0\u001b[0m","service":"school-management-backend","timestamp":"2026-03-11T16:43:02.608Z"}
{"level":"http","message":"\u001b[0mOPTIONS /ComplainList/69b19acf341604a06cf2740d \u001b[32m204\u001b[0m 0.079 ms - 0\u001b[0m","service":"school-management-backend","timestamp":"2026-03-11T16:43:02.610Z"}
{"level":"http","message":"\u001b[0mGET /ComplainList/69b19acf341604a06cf2740d \u001b[32m200\u001b[0m 2.623 ms - 32\u001b[0m","service":"school-management-backend","timestamp":"2026-03-11T16:43:02.613Z"}
{"level":"http","message":"\u001b[0mGET /ComplainList/69b19acf341604a06cf2740d \u001b[36m304\u001b[0m 1.643 ms - -\u001b[0m","service":"school-management-backend","timestamp":"2026-03-11T16:43:02.617Z"}
{"level":"http","message":"\u001b[0mOPTIONS /StudentLogin \u001b[32m204\u001b[0m 0.141 ms - 0\u001b[0m","service":"school-management-backend","timestamp":"2026-03-11T16:45:17.880Z"}
{"level":"http","message":"\u001b[0mPOST /StudentLogin \u001b[32m200\u001b[0m 3.339 ms - 31\u001b[0m","service":"school-management-backend","timestamp":"2026-03-11T16:45:17.886Z"}
{"level":"http","message":"\u001b[0mOPTIONS /AdminLogin \u001b[32m204\u001b[0m 0.052 ms - 0\u001b[0m","service":"school-management-backend","timestamp":"2026-03-11T16:46:30.867Z"}
{"level":"http","message":"\u001b[0mPOST /AdminLogin \u001b[32m200\u001b[0m 4.865 ms - 28\u001b[0m","service":"school-management-backend","timestamp":"2026-03-11T16:46:30.874Z"}
{"level":"http","message":"\u001b[0mOPTIONS /AdminLogin \u001b[32m204\u001b[0m 0.042 ms - 0\u001b[0m","service":"school-management-backend","timestamp":"2026-03-11T16:46:36.715Z"}
{"level":"http","message":"\u001b[0mPOST /AdminLogin \u001b[32m200\u001b[0m 1.847 ms - 28\u001b[0m","service":"school-management-backend","timestamp":"2026-03-11T16:46:36.718Z"}
{"level":"http","message":"\u001b[0mPOST /AdminLogin \u001b[32m200\u001b[0m 1.480 ms - 28\u001b[0m","service":"school-management-backend","timestamp":"2026-03-11T16:46:41.691Z"}
{"level":"http","message":"\u001b[0mOPTIONS /AdminReg \u001b[32m204\u001b[0m 0.051 ms - 0\u001b[0m","service":"school-management-backend","timestamp":"2026-03-11T16:46:53.605Z"}
{"level":"http","message":"\u001b[0mPOST /AdminReg \u001b[32m200\u001b[0m 65.653 ms - 319\u001b[0m","service":"school-management-backend","timestamp":"2026-03-11T16:46:53.672Z"}
{"level":"http","message":"\u001b[0mOPTIONS /Analytics/overview \u001b[32m204\u001b[0m 0.099 ms - 0\u001b[0m","service":"school-management-backend","timestamp":"2026-03-11T16:46:53.739Z"}
{"level":"http","message":"\u001b[0mOPTIONS /Analytics/overview \u001b[32m204\u001b[0m 0.052 ms - 0\u001b[0m","service":"school-management-backend","timestamp":"2026-03-11T16:46:53.740Z"}
{"level":"http","message":"\u001b[0mGET /Analytics/overview \u001b[33m404\u001b[0m 0.571 ms - 157\u001b[0m","service":"school-management-backend","timestamp":"2026-03-11T16:46:53.742Z"}
{"level":"http","message":"\u001b[0mGET /Analytics/overview \u001b[33m404\u001b[0m 0.236 ms - 157\u001b[0m","service":"school-management-backend","timestamp":"2026-03-11T16:46:53.743Z"}
{"level":"http","message":"\u001b[0mOPTIONS /NoticeList/69b19c7d341604a06cf27443 \u001b[32m204\u001b[0m 0.082 ms - 0\u001b[0m","service":"school-management-backend","timestamp":"2026-03-11T16:46:53.810Z"}
{"level":"http","message":"\u001b[0mOPTIONS /NoticeList/69b19c7d341604a06cf27443 \u001b[32m204\u001b[0m 0.073 ms - 0\u001b[0m","service":"school-management-backend","timestamp":"2026-03-11T16:46:53.811Z"}
{"level":"http","message":"\u001b[0mGET /NoticeList/69b19c7d341604a06cf27443 \u001b[32m200\u001b[0m 1.776 ms - 30\u001b[0m","service":"school-management-backend","timestamp":"2026-03-11T16:46:53.813Z"}
{"level":"http","message":"\u001b[0mGET /NoticeList/69b19c7d341604a06cf27443 \u001b[36m304\u001b[0m 4.625 ms - -\u001b[0m","service":"school-management-backend","timestamp":"2026-03-11T16:46:53.820Z"}
{"level":"http","message":"\u001b[0mOPTIONS /StudentLogin \u001b[32m204\u001b[0m 0.062 ms - 0\u001b[0m","service":"school-management-backend","timestamp":"2026-03-11T16:49:46.569Z"}
{"level":"http","message":"\u001b[0mPOST /StudentLogin \u001b[32m200\u001b[0m 75.461 ms - 430\u001b[0m","service":"school-management-backend","timestamp":"2026-03-11T16:49:46.646Z"}
{"level":"http","message":"\u001b[0mOPTIONS /NoticeList/69b19acf341604a06cf2740d \u001b[32m204\u001b[0m 0.098 ms - 0\u001b[0m","service":"school-management-backend","timestamp":"2026-03-11T16:49:46.713Z"}
{"level":"http","message":"\u001b[0mOPTIONS /Student/69b19d06611ff27202a89999 \u001b[32m204\u001b[0m 0.106 ms - 0\u001b[0m","service":"school-management-backend","timestamp":"2026-03-11T16:49:46.718Z"}
{"level":"http","message":"\u001b[0mOPTIONS /ClassSubjects/69b19d06611ff27202a89996 \u001b[32m204\u001b[0m 0.079 ms - 0\u001b[0m","service":"school-management-backend","timestamp":"2026-03-11T16:49:46.725Z"}
{"level":"http","message":"\u001b[0mOPTIONS /Student/69b19d06611ff27202a89999 \u001b[32m204\u001b[0m 0.087 ms - 0\u001b[0m","service":"school-management-backend","timestamp":"2026-03-11T16:49:46.726Z"}
{"level":"http","message":"\u001b[0mOPTIONS /ClassSubjects/69b19d06611ff27202a89996 \u001b[32m204\u001b[0m 0.083 ms - 0\u001b[0m","service":"school-management-backend","timestamp":"2026-03-11T16:49:46.733Z"}
{"level":"http","message":"\u001b[0mGET /NoticeList/69b19acf341604a06cf2740d \u001b[36m304\u001b[0m 19.732 ms - -\u001b[0m","service":"school-management-backend","timestamp":"2026-03-11T16:49:46.740Z"}
{"level":"http","message":"\u001b[0mGET /ClassSubjects/69b19d06611ff27202a89996 \u001b[32m200\u001b[0m 14.853 ms - 31\u001b[0m","service":"school-management-backend","timestamp":"2026-03-11T16:49:46.744Z"}
{"level":"http","message":"\u001b[0mGET /Student/69b19d06611ff27202a89999 \u001b[32m200\u001b[0m 23.974 ms - 385\u001b[0m","service":"school-management-backend","timestamp":"2026-03-11T16:49:46.760Z"}
{"level":"http","message":"\u001b[0mGET /NoticeList/69b19acf341604a06cf2740d \u001b[36m304\u001b[0m 5.204 ms - -\u001b[0m","service":"school-management-backend","timestamp":"2026-03-11T16:49:46.761Z"}
{"level":"http","message":"\u001b[0mGET /ClassSubjects/69b19d06611ff27202a89996 \u001b[36m304\u001b[0m 5.108 ms - -\u001b[0m","service":"school-management-backend","timestamp":"2026-03-11T16:49:46.763Z"}
{"level":"http","message":"\u001b[0mGET /Student/69b19d06611ff27202a89999 \u001b[36m304\u001b[0m 8.292 ms - -\u001b[0m","service":"school-management-backend","timestamp":"2026-03-11T16:49:46.772Z"}
{"level":"http","message":"\u001b[0mOPTIONS /Student/69b19d06611ff27202a89999 \u001b[32m204\u001b[0m 0.086 ms - 0\u001b[0m","service":"school-management-backend","timestamp":"2026-03-11T16:50:14.225Z"}
{"level":"http","message":"\u001b[0mOPTIONS /Student/69b19d06611ff27202a89999 \u001b[32m204\u001b[0m 0.068 ms - 0\u001b[0m","service":"school-management-backend","timestamp":"2026-03-11T16:50:14.226Z"}
{"level":"http","message":"\u001b[0mGET /Student/69b19d06611ff27202a89999 \u001b[36m304\u001b[0m 15.614 ms - -\u001b[0m","service":"school-management-backend","timestamp":"2026-03-11T16:50:14.243Z"}
{"level":"http","message":"\u001b[0mGET /Student/69b19d06611ff27202a89999 \u001b[36m304\u001b[0m 4.628 ms - -\u001b[0m","service":"school-management-backend","timestamp":"2026-03-11T16:50:14.249Z"}
{"level":"http","message":"\u001b[0mGET /Student/69b19d06611ff27202a89999 \u001b[36m304\u001b[0m 6.576 ms - -\u001b[0m","service":"school-management-backend","timestamp":"2026-03-11T16:50:18.277Z"}
{"level":"http","message":"\u001b[0mGET /Student/69b19d06611ff27202a89999 \u001b[36m304\u001b[0m 3.869 ms - -\u001b[0m","service":"school-management-backend","timestamp":"2026-03-11T16:50:18.282Z"}
{"level":"http","message":"\u001b[0mOPTIONS /TeacherLogin \u001b[32m204\u001b[0m 0.067 ms - 0\u001b[0m","service":"school-management-backend","timestamp":"2026-03-11T16:54:36.162Z"}
{"level":"http","message":"\u001b[0mPOST /TeacherLogin \u001b[32m200\u001b[0m 67.901 ms - 747\u001b[0m","service":"school-management-backend","timestamp":"2026-03-11T16:54:36.232Z"}
{"level":"http","message":"\u001b[0mOPTIONS /Subject/69b19e088ddeaa8a3d577c0e \u001b[32m204\u001b[0m 2.477 ms - 0\u001b[0m","service":"school-management-backend","timestamp":"2026-03-11T16:54:36.306Z"}
{"level":"http","message":"\u001b[0mOPTIONS /Sclass/Students/69b19d06611ff27202a89996 \u001b[32m204\u001b[0m 0.100 ms - 0\u001b[0m","service":"school-management-backend","timestamp":"2026-03-11T16:54:36.310Z"}
{"level":"http","message":"\u001b[0mOPTIONS /Sclass/Students/69b19d06611ff27202a89996 \u001b[32m204\u001b[0m 0.065 ms - 0\u001b[0m","service":"school-management-backend","timestamp":"2026-03-11T16:54:36.311Z"}
{"level":"http","message":"\u001b[0mOPTIONS /Assignments?course=69b19e088ddeaa8a3d577c0e&sclass=69b19d06611ff27202a89996 \u001b[32m204\u001b[0m 0.042 ms - 0\u001b[0m","service":"school-management-backend","timestamp":"2026-03-11T16:54:36.313Z"}
{"level":"http","message":"\u001b[0mOPTIONS /Subject/69b19e088ddeaa8a3d577c0e \u001b[32m204\u001b[0m 0.044 ms - 0\u001b[0m","service":"school-management-backend","timestamp":"2026-03-11T16:54:36.314Z"}
{"level":"http","message":"\u001b[0mOPTIONS /Assignments?course=69b19e088ddeaa8a3d577c0e&sclass=69b19d06611ff27202a89996 \u001b[32m204\u001b[0m 0.061 ms - 0\u001b[0m","service":"school-management-backend","timestamp":"2026-03-11T16:54:36.316Z"}
{"level":"http","message":"\u001b[0mGET /Assignments?course=69b19e088ddeaa8a3d577c0e&sclass=69b19d06611ff27202a89996 \u001b[32m200\u001b[0m 7.709 ms - 2\u001b[0m","service":"school-management-backend","timestamp":"2026-03-11T16:54:36.325Z"}
{"level":"http","message":"\u001b[0mGET /Sclass/Students/69b19d06611ff27202a89996 \u001b[32m200\u001b[0m 7.997 ms - 610\u001b[0m","service":"school-management-backend","timestamp":"2026-03-11T16:54:36.327Z"}
{"level":"http","message":"\u001b[0mGET /Subject/69b19e088ddeaa8a3d577c0e \u001b[32m200\u001b[0m 18.138 ms - 446\u001b[0m","service":"school-management-backend","timestamp":"2026-03-11T16:54:36.332Z"}
{"level":"http","message":"\u001b[0mGET /Assignments?course=69b19e088ddeaa8a3d577c0e&sclass=69b19d06611ff27202a89996 \u001b[36m304\u001b[0m 7.787 ms - -\u001b[0m","service":"school-management-backend","timestamp":"2026-03-11T16:54:36.342Z"}
{"level":"http","message":"\u001b[0mGET /Sclass/Students/69b19d06611ff27202a89996 \u001b[36m304\u001b[0m 6.763 ms - -\u001b[0m","service":"school-management-backend","timestamp":"2026-03-11T16:54:36.343Z"}
{"level":"http","message":"\u001b[0mGET /Subject/69b19e088ddeaa8a3d577c0e \u001b[36m304\u001b[0m 7.010 ms - -\u001b[0m","service":"school-management-backend","timestamp":"2026-03-11T16:54:36.348Z"}
{"level":"http","message":"\u001b[0mOPTIONS /NoticeList/69b19acf341604a06cf2740d \u001b[32m204\u001b[0m 0.070 ms - 0\u001b[0m","service":"school-management-backend","timestamp":"2026-03-11T16:54:36.407Z"}
{"level":"http","message":"\u001b[0mOPTIONS /NoticeList/69b19acf341604a06cf2740d \u001b[32m204\u001b[0m 0.056 ms - 0\u001b[0m","service":"school-management-backend","timestamp":"2026-03-11T16:54:36.408Z"}
{"level":"http","message":"\u001b[0mGET /NoticeList/69b19acf341604a06cf2740d \u001b[36m304\u001b[0m 1.960 ms - -\u001b[0m","service":"school-management-backend","timestamp":"2026-03-11T16:54:36.412Z"}
{"level":"http","message":"\u001b[0mGET /NoticeList/69b19acf341604a06cf2740d \u001b[36m304\u001b[0m 1.845 ms - -\u001b[0m","service":"school-management-backend","timestamp":"2026-03-11T16:54:36.415Z"}
{"level":"http","message":"\u001b[0mOPTIONS /Sclass/Students/69b19d06611ff27202a89996 \u001b[32m204\u001b[0m 0.127 ms - 0\u001b[0m","service":"school-management-backend","timestamp":"2026-03-11T16:54:42.492Z"}
{"level":"http","message":"\u001b[0mOPTIONS /Assignments?course=69b19e088ddeaa8a3d577c0e&sclass=69b19d06611ff27202a89996 \u001b[32m204\u001b[0m 0.083 ms - 0\u001b[0m","service":"school-management-backend","timestamp":"2026-03-11T16:54:42.495Z"}
{"level":"http","message":"\u001b[0mOPTIONS /Sclass/Students/69b19d06611ff27202a89996 \u001b[32m204\u001b[0m 0.075 ms - 0\u001b[0m","service":"school-management-backend","timestamp":"2026-03-11T16:54:42.497Z"}
{"level":"http","message":"\u001b[0mOPTIONS /Assignments?course=69b19e088ddeaa8a3d577c0e&sclass=69b19d06611ff27202a89996 \u001b[32m204\u001b[0m 0.079 ms - 0\u001b[0m","service":"school-management-backend","timestamp":"2026-03-11T16:54:42.498Z"}
{"level":"http","message":"\u001b[0mGET /Sclass/Students/69b19d06611ff27202a89996 \u001b[36m304\u001b[0m 8.104 ms - -\u001b[0m","service":"school-management-backend","timestamp":"2026-03-11T16:54:42.514Z"}
{"level":"http","message":"\u001b[0mGET /Assignments?course=69b19e088ddeaa8a3d577c0e&sclass=69b19d06611ff27202a89996 \u001b[36m304\u001b[0m 7.526 ms - -\u001b[0m","service":"school-management-backend","timestamp":"2026-03-11T16:54:42.516Z"}
{"level":"http","message":"\u001b[0mGET /Sclass/Students/69b19d06611ff27202a89996 \u001b[36m304\u001b[0m 2.988 ms - -\u001b[0m","service":"school-management-backend","timestamp":"2026-03-11T16:54:42.520Z"}
{"level":"http","message":"\u001b[0mGET /Assignments?course=69b19e088ddeaa8a3d577c0e&sclass=69b19d06611ff27202a89996 \u001b[36m304\u001b[0m 2.789 ms - -\u001b[0m","service":"school-management-backend","timestamp":"2026-03-11T16:54:42.521Z"}
{"level":"http","message":"\u001b[0mOPTIONS /Subject/69b19e088ddeaa8a3d577c0e \u001b[32m204\u001b[0m 0.045 ms - 0\u001b[0m","service":"school-management-backend","timestamp":"2026-03-11T16:54:52.474Z"}
{"level":"http","message":"\u001b[0mOPTIONS /Sclass/Students/69b19d06611ff27202a89996 \u001b[32m204\u001b[0m 0.070 ms - 0\u001b[0m","service":"school-management-backend","timestamp":"2026-03-11T16:54:52.477Z"}
{"level":"http","message":"\u001b[0mOPTIONS /Assignments?course=69b19e088ddeaa8a3d577c0e&sclass=69b19d06611ff27202a89996 \u001b[32m204\u001b[0m 0.057 ms - 0\u001b[0m","service":"school-management-backend","timestamp":"2026-03-11T16:54:52.478Z"}
{"level":"http","message":"\u001b[0mOPTIONS /Subject/69b19e088ddeaa8a3d577c0e \u001b[32m204\u001b[0m 0.271 ms - 0\u001b[0m","service":"school-management-backend","timestamp":"2026-03-11T16:54:52.480Z"}
{"level":"http","message":"\u001b[0mOPTIONS /Sclass/Students/69b19d06611ff27202a89996 \u001b[32m204\u001b[0m 0.050 ms - 0\u001b[0m","service":"school-management-backend","timestamp":"2026-03-11T16:54:52.483Z"}
{"level":"http","message":"\u001b[0mGET /Assignments?course=69b19e088ddeaa8a3d577c0e&sclass=69b19d06611ff27202a89996 \u001b[36m304\u001b[0m 4.748 ms - -\u001b[0m","service":"school-management-backend","timestamp":"2026-03-11T16:54:52.490Z"}
{"level":"http","message":"\u001b[0mGET /Sclass/Students/69b19d06611ff27202a89996 \u001b[36m304\u001b[0m 6.724 ms - -\u001b[0m","service":"school-management-backend","timestamp":"2026-03-11T16:54:52.495Z"}
{"level":"http","message":"\u001b[0mGET /Assignments?course=69b19e088ddeaa8a3d577c0e&sclass=69b19d06611ff27202a89996 \u001b[36m304\u001b[0m 7.454 ms - -\u001b[0m","service":"school-management-backend","timestamp":"2026-03-11T16:54:52.504Z"}
{"level":"http","message":"\u001b[0mGET /Subject/69b19e088ddeaa8a3d577c0e \u001b[36m304\u001b[0m 18.254 ms - -\u001b[0m","service":"school-management-backend","timestamp":"2026-03-11T16:54:52.505Z"}
{"level":"http","message":"\u001b[0mGET /Sclass/Students/69b19d06611ff27202a89996 \u001b[36m304\u001b[0m 5.471 ms - -\u001b[0m","service":"school-management-backend","timestamp":"2026-03-11T16:54:52.507Z"}
{"level":"http","message":"\u001b[0mGET /Subject/69b19e088ddeaa8a3d577c0e \u001b[36m304\u001b[0m 6.472 ms - -\u001b[0m","service":"school-management-backend","timestamp":"2026-03-11T16:54:52.515Z"}
{"level":"http","message":"\u001b[0mOPTIONS /NoticeList/69b19acf341604a06cf2740d \u001b[32m204\u001b[0m 0.080 ms - 0\u001b[0m","service":"school-management-backend","timestamp":"2026-03-11T16:54:52.589Z"}
{"level":"http","message":"\u001b[0mOPTIONS /NoticeList/69b19acf341604a06cf2740d \u001b[32m204\u001b[0m 0.114 ms - 0\u001b[0m","service":"school-management-backend","timestamp":"2026-03-11T16:54:52.590Z"}
{"level":"http","message":"\u001b[0mGET /NoticeList/69b19acf341604a06cf2740d \u001b[36m304\u001b[0m 3.553 ms - -\u001b[0m","service":"school-management-backend","timestamp":"2026-03-11T16:54:52.595Z"}
{"level":"http","message":"\u001b[0mGET /NoticeList/69b19acf341604a06cf2740d \u001b[36m304\u001b[0m 2.544 ms - -\u001b[0m","service":"school-management-backend","timestamp":"2026-03-11T16:54:52.600Z"}
{"level":"http","message":"\u001b[0mOPTIONS /Sclass/Students/69b19d06611ff27202a89996 \u001b[32m204\u001b[0m 0.090 ms - 0\u001b[0m","service":"school-management-backend","timestamp":"2026-03-11T16:55:06.195Z"}
{"level":"http","message":"\u001b[0mOPTIONS /Assignments?course=69b19e088ddeaa8a3d577c0e&sclass=69b19d06611ff27202a89996 \u001b[32m204\u001b[0m 0.105 ms - 0\u001b[0m","service":"school-management-backend","timestamp":"2026-03-11T16:55:06.198Z"}
{"level":"http","message":"\u001b[0mOPTIONS /Sclass/Students/69b19d06611ff27202a89996 \u001b[32m204\u001b[0m 0.082 ms - 0\u001b[0m","service":"school-management-backend","timestamp":"2026-03-11T16:55:06.199Z"}
{"level":"http","message":"\u001b[0mOPTIONS /Assignments?course=69b19e088ddeaa8a3d577c0e&sclass=69b19d06611ff27202a89996 \u001b[32m204\u001b[0m 0.087 ms - 0\u001b[0m","service":"school-management-backend","timestamp":"2026-03-11T16:55:06.207Z"}
{"level":"http","message":"\u001b[0mGET /Sclass/Students/69b19d06611ff27202a89996 \u001b[36m304\u001b[0m 6.392 ms - -\u001b[0m","service":"school-management-backend","timestamp":"2026-03-11T16:55:06.214Z"}
{"level":"http","message":"\u001b[0mGET /Assignments?course=69b19e088ddeaa8a3d577c0e&sclass=69b19d06611ff27202a89996 \u001b[36m304\u001b[0m 6.893 ms - -\u001b[0m","service":"school-management-backend","timestamp":"2026-03-11T16:55:06.216Z"}
{"level":"http","message":"\u001b[0mGET /Sclass/Students/69b19d06611ff27202a89996 \u001b[36m304\u001b[0m 4.050 ms - -\u001b[0m","service":"school-management-backend","timestamp":"2026-03-11T16:55:06.222Z"}
{"level":"http","message":"\u001b[0mGET /Assignments?course=69b19e088ddeaa8a3d577c0e&sclass=69b19d06611ff27202a89996 \u001b[36m304\u001b[0m 4.617 ms - -\u001b[0m","service":"school-management-backend","timestamp":"2026-03-11T16:55:06.223Z"}
{"level":"http","message":"\u001b[0mOPTIONS /Student/69b19d06611ff27202a89999 \u001b[32m204\u001b[0m 0.098 ms - 0\u001b[0m","service":"school-management-backend","timestamp":"2026-03-11T16:55:22.601Z"}
{"level":"http","message":"\u001b[0mOPTIONS /Student/69b19d06611ff27202a89999 \u001b[32m204\u001b[0m 0.053 ms - 0\u001b[0m","service":"school-management-backend","timestamp":"2026-03-11T16:55:22.602Z"}
{"level":"http","message":"\u001b[0mGET /Student/69b19d06611ff27202a89999 \u001b[33m403\u001b[0m 0.328 ms - 27\u001b[0m","service":"school-management-backend","timestamp":"2026-03-11T16:55:22.603Z"}
{"level":"http","message":"\u001b[0mGET /Student/69b19d06611ff27202a89999 \u001b[33m403\u001b[0m 0.338 ms - 27\u001b[0m","service":"school-management-backend","timestamp":"2026-03-11T16:55:22.605Z"}
{"level":"http","message":"\u001b[0mOPTIONS /Student/69b19d06611ff27202a89999 \u001b[32m204\u001b[0m 0.064 ms - 0\u001b[0m","service":"school-management-backend","timestamp":"2026-03-11T16:55:27.780Z"}
{"level":"http","message":"\u001b[0mOPTIONS /Student/69b19d06611ff27202a89999 \u001b[32m204\u001b[0m 0.089 ms - 0\u001b[0m","service":"school-management-backend","timestamp":"2026-03-11T16:55:27.782Z"}
{"level":"http","message":"\u001b[0mGET /Student/69b19d06611ff27202a89999 \u001b[33m403\u001b[0m 0.696 ms - 27\u001b[0m","service":"school-management-backend","timestamp":"2026-03-11T16:55:27.784Z"}
{"level":"http","message":"\u001b[0mGET /Student/69b19d06611ff27202a89999 \u001b[33m403\u001b[0m 0.542 ms - 27\u001b[0m","service":"school-management-backend","timestamp":"2026-03-11T16:55:27.787Z"}
{"level":"http","message":"\u001b[0mOPTIONS /StudentAttendance/69b19d06611ff27202a89999 \u001b[32m204\u001b[0m 0.044 ms - 0\u001b[0m","service":"school-management-backend","timestamp":"2026-03-11T16:55:34.939Z"}
{"level":"http","message":"\u001b[0mPUT /StudentAttendance/69b19d06611ff27202a89999 \u001b[32m200\u001b[0m 12.010 ms - 689\u001b[0m","service":"school-management-backend","timestamp":"2026-03-11T16:55:34.952Z"}
{"level":"http","message":"\u001b[0mOPTIONS /Subject/69b19e088ddeaa8a3d577c0e \u001b[32m204\u001b[0m 0.073 ms - 0\u001b[0m","service":"school-management-backend","timestamp":"2026-03-11T16:55:39.041Z"}
{"level":"http","message":"\u001b[0mOPTIONS /Sclass/Students/69b19d06611ff27202a89996 \u001b[32m204\u001b[0m 0.075 ms - 0\u001b[0m","service":"school-management-backend","timestamp":"2026-03-11T16:55:39.043Z"}
{"level":"http","message":"\u001b[0mOPTIONS /Assignments?course=69b19e088ddeaa8a3d577c0e&sclass=69b19d06611ff27202a89996 \u001b[32m204\u001b[0m 0.065 ms - 0\u001b[0m","service":"school-management-backend","timestamp":"2026-03-11T16:55:39.044Z"}
{"level":"http","message":"\u001b[0mOPTIONS /Sclass/Students/69b19d06611ff27202a89996 \u001b[32m204\u001b[0m 0.071 ms - 0\u001b[0m","service":"school-management-backend","timestamp":"2026-03-11T16:55:39.046Z"}
{"level":"http","message":"\u001b[0mGET /Sclass/Students/69b19d06611ff27202a89996 \u001b[32m200\u001b[0m 6.478 ms - 734\u001b[0m","service":"school-management-backend","timestamp":"2026-03-11T16:55:39.086Z"}
{"level":"http","message":"\u001b[0mGET /Assignments?course=69b19e088ddeaa8a3d577c0e&sclass=69b19d06611ff27202a89996 \u001b[36m304\u001b[0m 9.701 ms - -\u001b[0m","service":"school-management-backend","timestamp":"2026-03-11T16:55:39.092Z"}
{"level":"http","message":"\u001b[0mGET /Subject/69b19e088ddeaa8a3d577c0e \u001b[36m304\u001b[0m 52.498 ms - -\u001b[0m","service":"school-management-backend","timestamp":"2026-03-11T16:55:39.100Z"}
{"level":"http","message":"\u001b[0mGET /Sclass/Students/69b19d06611ff27202a89996 \u001b[36m304\u001b[0m 5.356 ms - -\u001b[0m","service":"school-management-backend","timestamp":"2026-03-11T16:55:39.102Z"}
{"level":"http","message":"\u001b[0mGET /Assignments?course=69b19e088ddeaa8a3d577c0e&sclass=69b19d06611ff27202a89996 \u001b[36m304\u001b[0m 11.130 ms - -\u001b[0m","service":"school-management-backend","timestamp":"2026-03-11T16:55:39.109Z"}
{"level":"http","message":"\u001b[0mGET /Subject/69b19e088ddeaa8a3d577c0e \u001b[36m304\u001b[0m 6.993 ms - -\u001b[0m","service":"school-management-backend","timestamp":"2026-03-11T16:55:39.118Z"}
{"level":"http","message":"\u001b[0mOPTIONS /NoticeList/69b19acf341604a06cf2740d \u001b[32m204\u001b[0m 0.095 ms - 0\u001b[0m","service":"school-management-backend","timestamp":"2026-03-11T16:55:39.185Z"}
{"level":"http","message":"\u001b[0mOPTIONS /NoticeList/69b19acf341604a06cf2740d \u001b[32m204\u001b[0m 0.181 ms - 0\u001b[0m","service":"school-management-backend","timestamp":"2026-03-11T16:55:39.204Z"}
{"level":"http","message":"\u001b[0mGET /NoticeList/69b19acf341604a06cf2740d \u001b[36m304\u001b[0m 16.340 ms - -\u001b[0m","service":"school-management-backend","timestamp":"2026-03-11T16:55:39.218Z"}
{"level":"http","message":"\u001b[0mGET /NoticeList/69b19acf341604a06cf2740d \u001b[36m304\u001b[0m 40.057 ms - -\u001b[0m","service":"school-management-backend","timestamp":"2026-03-11T16:55:39.271Z"}
{"level":"http","message":"\u001b[0mGET /Sclass/Students/69b19d06611ff27202a89996 \u001b[36m304\u001b[0m 3.141 ms - -\u001b[0m","service":"school-management-backend","timestamp":"2026-03-11T16:55:42.193Z"}
{"level":"http","message":"\u001b[0mGET /Assignments?course=69b19e088ddeaa8a3d577c0e&sclass=69b19d06611ff27202a89996 \u001b[36m304\u001b[0m 3.653 ms - -\u001b[0m","service":"school-management-backend","timestamp":"2026-03-11T16:55:42.195Z"}
{"level":"http","message":"\u001b[0mGET /Sclass/Students/69b19d06611ff27202a89996 \u001b[36m304\u001b[0m 2.806 ms - -\u001b[0m","service":"school-management-backend","timestamp":"2026-03-11T16:55:42.199Z"}
{"level":"http","message":"\u001b[0mGET /Assignments?course=69b19e088ddeaa8a3d577c0e&sclass=69b19d06611ff27202a89996 \u001b[36m304\u001b[0m 3.544 ms - -\u001b[0m","service":"school-management-backend","timestamp":"2026-03-11T16:55:42.201Z"}
{"level":"http","message":"\u001b[0mOPTIONS /Student/69b19d06611ff27202a89999 \u001b[32m204\u001b[0m 0.047 ms - 0\u001b[0m","service":"school-management-backend","timestamp":"2026-03-11T16:55:44.849Z"}
{"level":"http","message":"\u001b[0mOPTIONS /Student/69b19d06611ff27202a89999 \u001b[32m204\u001b[0m 0.059 ms - 0\u001b[0m","service":"school-management-backend","timestamp":"2026-03-11T16:55:44.850Z"}
{"level":"http","message":"\u001b[0mGET /Student/69b19d06611ff27202a89999 \u001b[33m403\u001b[0m 0.499 ms - 27\u001b[0m","service":"school-management-backend","timestamp":"2026-03-11T16:55:44.852Z"}
{"level":"http","message":"\u001b[0mGET /Student/69b19d06611ff27202a89999 \u001b[33m403\u001b[0m 0.618 ms - 27\u001b[0m","service":"school-management-backend","timestamp":"2026-03-11T16:55:44.854Z"}
{"level":"http","message":"\u001b[0mOPTIONS /Sclass/Students/69b19d06611ff27202a89996 \u001b[32m204\u001b[0m 0.082 ms - 0\u001b[0m","service":"school-management-backend","timestamp":"2026-03-11T16:55:49.241Z"}
{"level":"http","message":"\u001b[0mOPTIONS /Assignments?course=69b19e088ddeaa8a3d577c0e&sclass=69b19d06611ff27202a89996 \u001b[32m204\u001b[0m 0.054 ms - 0\u001b[0m","service":"school-management-backend","timestamp":"2026-03-11T16:55:49.243Z"}
{"level":"http","message":"\u001b[0mOPTIONS /Sclass/Students/69b19d06611ff27202a89996 \u001b[32m204\u001b[0m 0.076 ms - 0\u001b[0m","service":"school-management-backend","timestamp":"2026-03-11T16:55:49.244Z"}
{"level":"http","message":"\u001b[0mOPTIONS /Assignments?course=69b19e088ddeaa8a3d577c0e&sclass=69b19d06611ff27202a89996 \u001b[32m204\u001b[0m 0.092 ms - 0\u001b[0m","service":"school-management-backend","timestamp":"2026-03-11T16:55:49.245Z"}
{"level":"http","message":"\u001b[0mGET /Sclass/Students/69b19d06611ff27202a89996 \u001b[36m304\u001b[0m 3.168 ms - -\u001b[0m","service":"school-management-backend","timestamp":"2026-03-11T16:55:49.249Z"}
{"level":"http","message":"\u001b[0mGET /Assignments?course=69b19e088ddeaa8a3d577c0e&sclass=69b19d06611ff27202a89996 \u001b[36m304\u001b[0m 2.485 ms - -\u001b[0m","service":"school-management-backend","timestamp":"2026-03-11T16:55:49.250Z"}
{"level":"http","message":"\u001b[0mGET /Sclass/Students/69b19d06611ff27202a89996 \u001b[36m304\u001b[0m 3.435 ms - -\u001b[0m","service":"school-management-backend","timestamp":"2026-03-11T16:55:49.256Z"}
{"level":"http","message":"\u001b[0mGET /Assignments?course=69b19e088ddeaa8a3d577c0e&sclass=69b19d06611ff27202a89996 \u001b[36m304\u001b[0m 3.408 ms - -\u001b[0m","service":"school-management-backend","timestamp":"2026-03-11T16:55:49.257Z"}
{"level":"http","message":"\u001b[0mOPTIONS /Student/69b19d06611ff27202a89999 \u001b[32m204\u001b[0m 0.078 ms - 0\u001b[0m","service":"school-management-backend","timestamp":"2026-03-11T16:56:01.407Z"}
{"level":"http","message":"\u001b[0mOPTIONS /Student/69b19d06611ff27202a89999 \u001b[32m204\u001b[0m 0.143 ms - 0\u001b[0m","service":"school-management-backend","timestamp":"2026-03-11T16:56:01.409Z"}
{"level":"http","message":"\u001b[0mGET /Student/69b19d06611ff27202a89999 \u001b[33m403\u001b[0m 0.457 ms - 27\u001b[0m","service":"school-management-backend","timestamp":"2026-03-11T16:56:01.410Z"}
{"level":"http","message":"\u001b[0mGET /Student/69b19d06611ff27202a89999 \u001b[33m403\u001b[0m 0.380 ms - 27\u001b[0m","service":"school-management-backend","timestamp":"2026-03-11T16:56:01.412Z"}
{"level":"http","message":"\u001b[0mOPTIONS /Sclass/Students/69b19d06611ff27202a89996 \u001b[32m204\u001b[0m 0.050 ms - 0\u001b[0m","service":"school-management-backend","timestamp":"2026-03-11T16:56:42.612Z"}
{"level":"http","message":"\u001b[0mOPTIONS /Assignments?course=69b19e088ddeaa8a3d577c0e&sclass=69b19d06611ff27202a89996 \u001b[32m204\u001b[0m 0.237 ms - 0\u001b[0m","service":"school-management-backend","timestamp":"2026-03-11T16:56:42.615Z"}
{"level":"http","message":"\u001b[0mOPTIONS /Sclass/Students/69b19d06611ff27202a89996 \u001b[32m204\u001b[0m 0.085 ms - 0\u001b[0m","service":"school-management-backend","timestamp":"2026-03-11T16:56:42.617Z"}
{"level":"http","message":"\u001b[0mOPTIONS /Assignments?course=69b19e088ddeaa8a3d577c0e&sclass=69b19d06611ff27202a89996 \u001b[32m204\u001b[0m 0.068 ms - 0\u001b[0m","service":"school-management-backend","timestamp":"2026-03-11T16:56:42.618Z"}
{"level":"http","message":"\u001b[0mGET /Sclass/Students/69b19d06611ff27202a89996 \u001b[36m304\u001b[0m 5.197 ms - -\u001b[0m","service":"school-management-backend","timestamp":"2026-03-11T16:56:42.632Z"}
{"level":"http","message":"\u001b[0mGET /Assignments?course=69b19e088ddeaa8a3d577c0e&sclass=69b19d06611ff27202a89996 \u001b[36m304\u001b[0m 6.627 ms - -\u001b[0m","service":"school-management-backend","timestamp":"2026-03-11T16:56:42.635Z"}
{"level":"http","message":"\u001b[0mGET /Sclass/Students/69b19d06611ff27202a89996 \u001b[36m304\u001b[0m 4.486 ms - -\u001b[0m","service":"school-management-backend","timestamp":"2026-03-11T16:56:42.641Z"}
{"level":"http","message":"\u001b[0mGET /Assignments?course=69b19e088ddeaa8a3d577c0e&sclass=69b19d06611ff27202a89996 \u001b[36m304\u001b[0m 4.521 ms - -\u001b[0m","service":"school-management-backend","timestamp":"2026-03-11T16:56:42.642Z"}
{"level":"http","message":"\u001b[0mOPTIONS /Student/69b19d06611ff27202a8999c \u001b[32m204\u001b[0m 0.080 ms - 0\u001b[0m","service":"school-management-backend","timestamp":"2026-03-11T16:56:53.261Z"}
{"level":"http","message":"\u001b[0mOPTIONS /Student/69b19d06611ff27202a8999c \u001b[32m204\u001b[0m 0.036 ms - 0\u001b[0m","service":"school-management-backend","timestamp":"2026-03-11T16:56:53.262Z"}
{"level":"http","message":"\u001b[0mGET /Student/69b19d06611ff27202a8999c \u001b[33m403\u001b[0m 0.337 ms - 27\u001b[0m","service":"school-management-backend","timestamp":"2026-03-11T16:56:53.263Z"}
{"level":"http","message":"\u001b[0mGET /Student/69b19d06611ff27202a8999c \u001b[33m403\u001b[0m 0.646 ms - 27\u001b[0m","service":"school-management-backend","timestamp":"2026-03-11T16:56:53.266Z"}
{"level":"http","message":"\u001b[0mOPTIONS /Sclass/Students/69b19d06611ff27202a89996 \u001b[32m204\u001b[0m 0.054 ms - 0\u001b[0m","service":"school-management-backend","timestamp":"2026-03-11T16:56:58.146Z"}
{"level":"http","message":"\u001b[0mOPTIONS /Assignments?course=69b19e088ddeaa8a3d577c0e&sclass=69b19d06611ff27202a89996 \u001b[32m204\u001b[0m 0.065 ms - 0\u001b[0m","service":"school-management-backend","timestamp":"2026-03-11T16:56:58.148Z"}
{"level":"http","message":"\u001b[0mOPTIONS /Sclass/Students/69b19d06611ff27202a89996 \u001b[32m204\u001b[0m 0.096 ms - 0\u001b[0m","service":"school-management-backend","timestamp":"2026-03-11T16:56:58.150Z"}
{"level":"http","message":"\u001b[0mGET /Sclass/Students/69b19d06611ff27202a89996 \u001b[36m304\u001b[0m 4.166 ms - -\u001b[0m","service":"school-management-backend","timestamp":"2026-03-11T16:56:58.155Z"}
{"level":"http","message":"\u001b[0mGET /Assignments?course=69b19e088ddeaa8a3d577c0e&sclass=69b19d06611ff27202a89996 \u001b[36m304\u001b[0m 2.952 ms - -\u001b[0m","service":"school-management-backend","timestamp":"2026-03-11T16:56:58.156Z"}
{"level":"http","message":"\u001b[0mGET /Sclass/Students/69b19d06611ff27202a89996 \u001b[36m304\u001b[0m 3.480 ms - -\u001b[0m","service":"school-management-backend","timestamp":"2026-03-11T16:56:58.163Z"}
{"level":"http","message":"\u001b[0mGET /Assignments?course=69b19e088ddeaa8a3d577c0e&sclass=69b19d06611ff27202a89996 \u001b[36m304\u001b[0m 3.499 ms - -\u001b[0m","service":"school-management-backend","timestamp":"2026-03-11T16:56:58.164Z"}
{"level":"http","message":"\u001b[0mOPTIONS /Subject/69b19e088ddeaa8a3d577c0e \u001b[32m204\u001b[0m 0.044 ms - 0\u001b[0m","service":"school-management-backend","timestamp":"2026-03-11T16:57:13.287Z"}
{"level":"http","message":"\u001b[0mOPTIONS /Sclass/Students/69b19d06611ff27202a89996 \u001b[32m204\u001b[0m 0.047 ms - 0\u001b[0m","service":"school-management-backend","timestamp":"2026-03-11T16:57:13.289Z"}
{"level":"http","message":"\u001b[0mOPTIONS /Assignments?course=69b19e088ddeaa8a3d577c0e&sclass=69b19d06611ff27202a89996 \u001b[32m204\u001b[0m 0.051 ms - 0\u001b[0m","service":"school-management-backend","timestamp":"2026-03-11T16:57:13.290Z"}
{"level":"http","message":"\u001b[0mOPTIONS /Subject/69b19e088ddeaa8a3d577c0e \u001b[32m204\u001b[0m 0.041 ms - 0\u001b[0m","service":"school-management-backend","timestamp":"2026-03-11T16:57:13.291Z"}
{"level":"http","message":"\u001b[0mOPTIONS /Sclass/Students/69b19d06611ff27202a89996 \u001b[32m204\u001b[0m 0.092 ms - 0\u001b[0m","service":"school-management-backend","timestamp":"2026-03-11T16:57:13.292Z"}
{"level":"http","message":"\u001b[0mGET /Sclass/Students/69b19d06611ff27202a89996 \u001b[36m304\u001b[0m 8.474 ms - -\u001b[0m","service":"school-management-backend","timestamp":"2026-03-11T16:57:13.304Z"}
{"level":"http","message":"\u001b[0mGET /Assignments?course=69b19e088ddeaa8a3d577c0e&sclass=69b19d06611ff27202a89996 \u001b[36m304\u001b[0m 4.949 ms - -\u001b[0m","service":"school-management-backend","timestamp":"2026-03-11T16:57:13.305Z"}
{"level":"http","message":"\u001b[0mGET /Subject/69b19e088ddeaa8a3d577c0e \u001b[36m304\u001b[0m 17.006 ms - -\u001b[0m","service":"school-management-backend","timestamp":"2026-03-11T16:57:13.311Z"}
{"level":"http","message":"\u001b[0mGET /Sclass/Students/69b19d06611ff27202a89996 \u001b[36m304\u001b[0m 5.502 ms - -\u001b[0m","service":"school-management-backend","timestamp":"2026-03-11T16:57:13.313Z"}
{"level":"http","message":"\u001b[0mGET /Assignments?course=69b19e088ddeaa8a3d577c0e&sclass=69b19d06611ff27202a89996 \u001b[36m304\u001b[0m 6.952 ms - -\u001b[0m","service":"school-management-backend","timestamp":"2026-03-11T16:57:13.316Z"}
{"level":"http","message":"\u001b[0mGET /Subject/69b19e088ddeaa8a3d577c0e \u001b[36m304\u001b[0m 3.933 ms - -\u001b[0m","service":"school-management-backend","timestamp":"2026-03-11T16:57:13.322Z"}
{"level":"http","message":"\u001b[0mOPTIONS /NoticeList/69b19acf341604a06cf2740d \u001b[32m204\u001b[0m 0.119 ms - 0\u001b[0m","service":"school-management-backend","timestamp":"2026-03-11T16:57:13.399Z"}
{"level":"http","message":"\u001b[0mOPTIONS /NoticeList/69b19acf341604a06cf2740d \u001b[32m204\u001b[0m 0.069 ms - 0\u001b[0m","service":"school-management-backend","timestamp":"2026-03-11T16:57:13.402Z"}
{"level":"http","message":"\u001b[0mGET /NoticeList/69b19acf341604a06cf2740d \u001b[36m304\u001b[0m 5.200 ms - -\u001b[0m","service":"school-management-backend","timestamp":"2026-03-11T16:57:13.405Z"}
{"level":"http","message":"\u001b[0mGET /NoticeList/69b19acf341604a06cf2740d \u001b[36m304\u001b[0m 3.674 ms - -\u001b[0m","service":"school-management-backend","timestamp":"2026-03-11T16:57:13.412Z"}
{"level":"http","message":"\u001b[0mOPTIONS /StudentLogin \u001b[32m204\u001b[0m 0.060 ms - 0\u001b[0m","service":"school-management-backend","timestamp":"2026-03-11T16:59:56.956Z"}
{"level":"http","message":"\u001b[0mPOST /StudentLogin \u001b[32m200\u001b[0m 67.203 ms - 430\u001b[0m","service":"school-management-backend","timestamp":"2026-03-11T16:59:57.024Z"}
{"level":"http","message":"\u001b[0mOPTIONS /NoticeList/69b19acf341604a06cf2740d \u001b[32m204\u001b[0m 0.061 ms - 0\u001b[0m","service":"school-management-backend","timestamp":"2026-03-11T16:59:57.089Z"}
{"level":"http","message":"\u001b[0mOPTIONS /Student/69b19d06611ff27202a89999 \u001b[32m204\u001b[0m 0.077 ms - 0\u001b[0m","service":"school-management-backend","timestamp":"2026-03-11T16:59:57.092Z"}
{"level":"http","message":"\u001b[0mOPTIONS /ClassSubjects/69b19d06611ff27202a89996 \u001b[32m204\u001b[0m 0.067 ms - 0\u001b[0m","service":"school-management-backend","timestamp":"2026-03-11T16:59:57.093Z"}
{"level":"http","message":"\u001b[0mOPTIONS /NoticeList/69b19acf341604a06cf2740d \u001b[32m204\u001b[0m 0.048 ms - 0\u001b[0m","service":"school-management-backend","timestamp":"2026-03-11T16:59:57.094Z"}
{"level":"http","message":"\u001b[0mOPTIONS /Student/69b19d06611ff27202a89999 \u001b[32m204\u001b[0m 0.096 ms - 0\u001b[0m","service":"school-management-backend","timestamp":"2026-03-11T16:59:57.106Z"}
{"level":"http","message":"\u001b[0mOPTIONS /ClassSubjects/69b19d06611ff27202a89996 \u001b[32m204\u001b[0m 0.032 ms - 0\u001b[0m","service":"school-management-backend","timestamp":"2026-03-11T16:59:57.108Z"}
{"level":"http","message":"\u001b[0mGET /NoticeList/69b19acf341604a06cf2740d \u001b[36m304\u001b[0m 8.924 ms - -\u001b[0m","service":"school-management-backend","timestamp":"2026-03-11T16:59:57.117Z"}
{"level":"http","message":"\u001b[0mGET /ClassSubjects/69b19d06611ff27202a89996 \u001b[32m200\u001b[0m 9.093 ms - 1133\u001b[0m","service":"school-management-backend","timestamp":"2026-03-11T16:59:57.120Z"}
{"level":"http","message":"\u001b[0mGET /Student/69b19d06611ff27202a89999 \u001b[32m200\u001b[0m 15.925 ms - 747\u001b[0m","service":"school-management-backend","timestamp":"2026-03-11T16:59:57.122Z"}
{"level":"http","message":"\u001b[0mGET /NoticeList/69b19acf341604a06cf2740d \u001b[36m304\u001b[0m 2.908 ms - -\u001b[0m","service":"school-management-backend","timestamp":"2026-03-11T16:59:57.126Z"}
{"level":"http","message":"\u001b[0mGET /ClassSubjects/69b19d06611ff27202a89996 \u001b[36m304\u001b[0m 3.587 ms - -\u001b[0m","service":"school-management-backend","timestamp":"2026-03-11T16:59:57.128Z"}
{"level":"http","message":"\u001b[0mGET /Student/69b19d06611ff27202a89999 \u001b[36m304\u001b[0m 10.466 ms - -\u001b[0m","service":"school-management-backend","timestamp":"2026-03-11T16:59:57.136Z"}
{"level":"http","message":"\u001b[0mOPTIONS /Student/69b19d06611ff27202a89999 \u001b[32m204\u001b[0m 0.069 ms - 0\u001b[0m","service":"school-management-backend","timestamp":"2026-03-11T17:00:12.963Z"}
{"level":"http","message":"\u001b[0mOPTIONS /Student/69b19d06611ff27202a89999 \u001b[32m204\u001b[0m 0.103 ms - 0\u001b[0m","service":"school-management-backend","timestamp":"2026-03-11T17:00:12.965Z"}
{"level":"http","message":"\u001b[0mGET /Student/69b19d06611ff27202a89999 \u001b[36m304\u001b[0m 5.574 ms - -\u001b[0m","service":"school-management-backend","timestamp":"2026-03-11T17:00:12.972Z"}
{"level":"http","message":"\u001b[0mGET /Student/69b19d06611ff27202a89999 \u001b[36m304\u001b[0m 6.018 ms - -\u001b[0m","service":"school-management-backend","timestamp":"2026-03-11T17:00:12.980Z"}
{"level":"http","message":"\u001b[0mOPTIONS /NoticeList/69b19acf341604a06cf2740d \u001b[32m204\u001b[0m 0.057 ms - 0\u001b[0m","service":"school-management-backend","timestamp":"2026-03-11T17:00:29.087Z"}
{"level":"http","message":"\u001b[0mOPTIONS /Student/69b19d06611ff27202a89999 \u001b[32m204\u001b[0m 0.085 ms - 0\u001b[0m","service":"school-management-backend","timestamp":"2026-03-11T17:00:29.088Z"}
{"level":"http","message":"\u001b[0mOPTIONS /ClassSubjects/69b19d06611ff27202a89996 \u001b[32m204\u001b[0m 0.087 ms - 0\u001b[0m","service":"school-management-backend","timestamp":"2026-03-11T17:00:29.096Z"}
{"level":"http","message":"\u001b[0mGET /NoticeList/69b19acf341604a06cf2740d \u001b[36m304\u001b[0m 10.050 ms - -\u001b[0m","service":"school-management-backend","timestamp":"2026-03-11T17:00:29.101Z"}
{"level":"http","message":"\u001b[0mOPTIONS /ClassSubjects/69b19d06611ff27202a89996 \u001b[32m204\u001b[0m 0.086 ms - 0\u001b[0m","service":"school-management-backend","timestamp":"2026-03-11T17:00:29.110Z"}
{"level":"http","message":"\u001b[0mGET /ClassSubjects/69b19d06611ff27202a89996 \u001b[36m304\u001b[0m 12.615 ms - -\u001b[0m","service":"school-management-backend","timestamp":"2026-03-11T17:00:29.111Z"}
{"level":"http","message":"\u001b[0mGET /Student/69b19d06611ff27202a89999 \u001b[36m304\u001b[0m 22.881 ms - -\u001b[0m","service":"school-management-backend","timestamp":"2026-03-11T17:00:29.115Z"}
{"level":"http","message":"\u001b[0mGET /NoticeList/69b19acf341604a06cf2740d \u001b[36m304\u001b[0m 7.613 ms - -\u001b[0m","service":"school-management-backend","timestamp":"2026-03-11T17:00:29.119Z"}
{"level":"http","message":"\u001b[0mGET /ClassSubjects/69b19d06611ff27202a89996 \u001b[36m304\u001b[0m 3.434 ms - -\u001b[0m","service":"school-management-backend","timestamp":"2026-03-11T17:00:29.122Z"}
{"level":"http","message":"\u001b[0mGET /Student/69b19d06611ff27202a89999 \u001b[36m304\u001b[0m 7.826 ms - -\u001b[0m","service":"school-management-backend","timestamp":"2026-03-11T17:00:29.128Z"}
{"level":"http","message":"\u001b[0mGET /Student/69b19d06611ff27202a89999 \u001b[36m304\u001b[0m 4.741 ms - -\u001b[0m","service":"school-management-backend","timestamp":"2026-03-11T17:00:30.014Z"}
{"level":"http","message":"\u001b[0mGET /Student/69b19d06611ff27202a89999 \u001b[36m304\u001b[0m 4.691 ms - -\u001b[0m","service":"school-management-backend","timestamp":"2026-03-11T17:00:30.020Z"}
{"level":"http","message":"\u001b[0mOPTIONS /NoticeList/69b19acf341604a06cf2740d \u001b[32m204\u001b[0m 0.060 ms - 0\u001b[0m","service":"school-management-backend","timestamp":"2026-03-11T17:00:42.529Z"}
{"level":"http","message":"\u001b[0mOPTIONS /Student/69b19d06611ff27202a89999 \u001b[32m204\u001b[0m 0.057 ms - 0\u001b[0m","service":"school-management-backend","timestamp":"2026-03-11T17:00:42.531Z"}
{"level":"http","message":"\u001b[0mOPTIONS /ClassSubjects/69b19d06611ff27202a89996 \u001b[32m204\u001b[0m 0.048 ms - 0\u001b[0m","service":"school-management-backend","timestamp":"2026-03-11T17:00:42.532Z"}
{"level":"http","message":"\u001b[0mOPTIONS /NoticeList/69b19acf341604a06cf2740d \u001b[32m204\u001b[0m 0.047 ms - 0\u001b[0m","service":"school-management-backend","timestamp":"2026-03-11T17:00:42.533Z"}
{"level":"http","message":"\u001b[0mOPTIONS /Student/69b19d06611ff27202a89999 \u001b[32m204\u001b[0m 0.062 ms - 0\u001b[0m","service":"school-management-backend","timestamp":"2026-03-11T17:00:42.535Z"}
{"level":"http","message":"\u001b[0mGET /NoticeList/69b19acf341604a06cf2740d \u001b[36m304\u001b[0m 16.376 ms - -\u001b[0m","service":"school-management-backend","timestamp":"2026-03-11T17:00:42.554Z"}
{"level":"http","message":"\u001b[0mGET /ClassSubjects/69b19d06611ff27202a89996 \u001b[36m304\u001b[0m 10.512 ms - -\u001b[0m","service":"school-management-backend","timestamp":"2026-03-11T17:00:42.563Z"}
{"level":"http","message":"\u001b[0mGET /Student/69b19d06611ff27202a89999 \u001b[36m304\u001b[0m 26.324 ms - -\u001b[0m","service":"school-management-backend","timestamp":"2026-03-11T17:00:42.566Z"}
{"level":"http","message":"\u001b[0mGET /NoticeList/69b19acf341604a06cf2740d \u001b[36m304\u001b[0m 7.938 ms - -\u001b[0m","service":"school-management-backend","timestamp":"2026-03-11T17:00:42.572Z"}
{"level":"http","message":"\u001b[0mGET /ClassSubjects/69b19d06611ff27202a89996 \u001b[36m304\u001b[0m 9.435 ms - -\u001b[0m","service":"school-management-backend","timestamp":"2026-03-11T17:00:42.577Z"}
{"level":"http","message":"\u001b[0mGET /Student/69b19d06611ff27202a89999 \u001b[36m304\u001b[0m 7.616 ms - -\u001b[0m","service":"school-management-backend","timestamp":"2026-03-11T17:00:42.582Z"}
{"level":"http","message":"\u001b[0mGET /Student/69b19d06611ff27202a89999 \u001b[36m304\u001b[0m 6.035 ms - -\u001b[0m","service":"school-management-backend","timestamp":"2026-03-11T17:00:44.975Z"}
{"level":"http","message":"\u001b[0mGET /Student/69b19d06611ff27202a89999 \u001b[36m304\u001b[0m 4.113 ms - -\u001b[0m","service":"school-management-backend","timestamp":"2026-03-11T17:00:44.981Z"}
{"level":"http","message":"\u001b[0mGET /Student/69b19d06611ff27202a89999 \u001b[36m304\u001b[0m 4.870 ms - -\u001b[0m","service":"school-management-backend","timestamp":"2026-03-11T17:00:45.766Z"}
{"level":"http","message":"\u001b[0mGET /Student/69b19d06611ff27202a89999 \u001b[36m304\u001b[0m 8.878 ms - -\u001b[0m","service":"school-management-backend","timestamp":"2026-03-11T17:00:45.778Z"}
{"level":"http","message":"\u001b[0mOPTIONS /NoticeList/69b19acf341604a06cf2740d \u001b[32m204\u001b[0m 0.052 ms - 0\u001b[0m","service":"school-management-backend","timestamp":"2026-03-11T17:00:48.580Z"}
{"level":"http","message":"\u001b[0mOPTIONS /ClassSubjects/69b19d06611ff27202a89996 \u001b[32m204\u001b[0m 0.045 ms - 0\u001b[0m","service":"school-management-backend","timestamp":"2026-03-11T17:00:48.582Z"}
{"level":"http","message":"\u001b[0mOPTIONS /NoticeList/69b19acf341604a06cf2740d \u001b[32m204\u001b[0m 0.080 ms - 0\u001b[0m","service":"school-management-backend","timestamp":"2026-03-11T17:00:48.583Z"}
{"level":"http","message":"\u001b[0mOPTIONS /Student/69b19d06611ff27202a89999 \u001b[32m204\u001b[0m 0.091 ms - 0\u001b[0m","service":"school-management-backend","timestamp":"2026-03-11T17:00:48.584Z"}
{"level":"http","message":"\u001b[0mGET /NoticeList/69b19acf341604a06cf2740d \u001b[36m304\u001b[0m 11.382 ms - -\u001b[0m","service":"school-management-backend","timestamp":"2026-03-11T17:00:48.596Z"}
{"level":"http","message":"\u001b[0mGET /ClassSubjects/69b19d06611ff27202a89996 \u001b[36m304\u001b[0m 10.384 ms - -\u001b[0m","service":"school-management-backend","timestamp":"2026-03-11T17:00:48.598Z"}
{"level":"http","message":"\u001b[0mGET /Student/69b19d06611ff27202a89999 \u001b[36m304\u001b[0m 17.432 ms - -\u001b[0m","service":"school-management-backend","timestamp":"2026-03-11T17:00:48.610Z"}
{"level":"http","message":"\u001b[0mGET /NoticeList/69b19acf341604a06cf2740d \u001b[36m304\u001b[0m 7.079 ms - -\u001b[0m","service":"school-management-backend","timestamp":"2026-03-11T17:00:48.611Z"}
{"level":"http","message":"\u001b[0mGET /ClassSubjects/69b19d06611ff27202a89996 \u001b[36m304\u001b[0m 5.236 ms - -\u001b[0m","service":"school-management-backend","timestamp":"2026-03-11T17:00:48.612Z"}
{"level":"http","message":"\u001b[0mGET /Student/69b19d06611ff27202a89999 \u001b[36m304\u001b[0m 5.339 ms - -\u001b[0m","service":"school-management-backend","timestamp":"2026-03-11T17:00:48.618Z"}
